<?xml version="1.0" encoding="UTF-8"?>
<testsuite xmlns:xsi="http://www.w3.org/2001/XMLSchema-instance" xsi:noNamespaceSchemaLocation="https://maven.apache.org/surefire/maven-surefire-plugin/xsd/surefire-test-report-3.0.xsd" version="3.0" name="App.AppTest" time="0.017" tests="1" errors="0" skipped="0" failures="0">
  <properties>
    <property name="java.specification.version" value="21"/>
    <property name="sun.jnu.encoding" value="UTF-8"/>
    <property name="java.class.path" value="/Users/nolanwira/Software_Design_Principles_Patterns/term-project-2235-swen-383-01-c-charlie/src/HealthNCare/App/target/test-classes:/Users/nolanwira/Software_Design_Principles_Patterns/term-project-2235-swen-383-01-c-charlie/src/HealthNCare/App/target/classes:/Users/nolanwira/.m2/repository/junit/junit/3.8.1/junit-3.8.1.jar:/Users/nolanwira/.m2/repository/com/opencsv/opencsv/5.8/opencsv-5.8.jar:/Users/nolanwira/.m2/repository/org/apache/commons/commons-lang3/3.12.0/commons-lang3-3.12.0.jar:/Users/nolanwira/.m2/repository/org/apache/commons/commons-text/1.10.0/commons-text-1.10.0.jar:/Users/nolanwira/.m2/repository/commons-beanutils/commons-beanutils/1.9.4/commons-beanutils-1.9.4.jar:/Users/nolanwira/.m2/repository/commons-logging/commons-logging/1.2/commons-logging-1.2.jar:/Users/nolanwira/.m2/repository/commons-collections/commons-collections/3.2.2/commons-collections-3.2.2.jar:/Users/nolanwira/.m2/repository/org/apache/commons/commons-collections4/4.4/commons-collections4-4.4.jar:"/>
    <property name="java.vm.vendor" value="Homebrew"/>
    <property name="sun.arch.data.model" value="64"/>
    <property name="java.vendor.url" value="https://github.com/Homebrew/homebrew-core/issues"/>
    <property name="os.name" value="Mac OS X"/>
    <property name="java.vm.specification.version" value="21"/>
    <property name="sun.java.launcher" value="SUN_STANDARD"/>
    <property name="user.country" value="US"/>
    <property name="sun.boot.library.path" value="/opt/homebrew/Cellar/openjdk/21.0.2/libexec/openjdk.jdk/Contents/Home/lib"/>
    <property name="sun.java.command" value="/Users/nolanwira/Software_Design_Principles_Patterns/term-project-2235-swen-383-01-c-charlie/src/HealthNCare/App/target/surefire/surefirebooter-20240417133632729_3.jar /Users/nolanwira/Software_Design_Principles_Patterns/term-project-2235-swen-383-01-c-charlie/src/HealthNCare/App/target/surefire 2024-04-17T13-36-32_556-jvmRun1 surefire-20240417133632729_1tmp surefire_0-20240417133632729_2tmp"/>
    <property name="http.nonProxyHosts" value="local|*.local|169.254/16|*.169.254/16"/>
    <property name="jdk.debug" value="release"/>
    <property name="surefire.test.class.path" value="/Users/nolanwira/Software_Design_Principles_Patterns/term-project-2235-swen-383-01-c-charlie/src/HealthNCare/App/target/test-classes:/Users/nolanwira/Software_Design_Principles_Patterns/term-project-2235-swen-383-01-c-charlie/src/HealthNCare/App/target/classes:/Users/nolanwira/.m2/repository/junit/junit/3.8.1/junit-3.8.1.jar:/Users/nolanwira/.m2/repository/com/opencsv/opencsv/5.8/opencsv-5.8.jar:/Users/nolanwira/.m2/repository/org/apache/commons/commons-lang3/3.12.0/commons-lang3-3.12.0.jar:/Users/nolanwira/.m2/repository/org/apache/commons/commons-text/1.10.0/commons-text-1.10.0.jar:/Users/nolanwira/.m2/repository/commons-beanutils/commons-beanutils/1.9.4/commons-beanutils-1.9.4.jar:/Users/nolanwira/.m2/repository/commons-logging/commons-logging/1.2/commons-logging-1.2.jar:/Users/nolanwira/.m2/repository/commons-collections/commons-collections/3.2.2/commons-collections-3.2.2.jar:/Users/nolanwira/.m2/repository/org/apache/commons/commons-collections4/4.4/commons-collections4-4.4.jar:"/>
    <property name="sun.cpu.endian" value="little"/>
    <property name="user.home" value="/Users/nolanwira"/>
    <property name="user.language" value="en"/>
    <property name="java.specification.vendor" value="Oracle Corporation"/>
    <property name="java.version.date" value="2024-01-16"/>
    <property name="java.home" value="/opt/homebrew/Cellar/openjdk/21.0.2/libexec/openjdk.jdk/Contents/Home"/>
    <property name="file.separator" value="/"/>
    <property name="basedir" value="/Users/nolanwira/Software_Design_Principles_Patterns/term-project-2235-swen-383-01-c-charlie/src/HealthNCare/App"/>
    <property name="java.vm.compressedOopsMode" value="Zero based"/>
    <property name="line.separator" value="&#10;"/>
    <property name="java.vm.specification.vendor" value="Oracle Corporation"/>
    <property name="java.specification.name" value="Java Platform API Specification"/>
    <property name="apple.awt.application.name" value="ForkedBooter"/>
    <property name="surefire.real.class.path" value="/Users/nolanwira/Software_Design_Principles_Patterns/term-project-2235-swen-383-01-c-charlie/src/HealthNCare/App/target/surefire/surefirebooter-20240417133632729_3.jar"/>
    <property name="sun.management.compiler" value="HotSpot 64-Bit Tiered Compilers"/>
    <property name="ftp.nonProxyHosts" value="local|*.local|169.254/16|*.169.254/16"/>
    <property name="java.runtime.version" value="21.0.2"/>
    <property name="user.name" value="nolanwira"/>
    <property name="stdout.encoding" value="UTF-8"/>
    <property name="path.separator" value=":"/>
    <property name="os.version" value="14.4.1"/>
    <property name="java.runtime.name" value="OpenJDK Runtime Environment"/>
    <property name="file.encoding" value="UTF-8"/>
    <property name="java.vm.name" value="OpenJDK 64-Bit Server VM"/>
    <property name="java.vendor.version" value="Homebrew"/>
    <property name="localRepository" value="/Users/nolanwira/.m2/repository"/>
    <property name="java.vendor.url.bug" value="https://github.com/Homebrew/homebrew-core/issues"/>
    <property name="java.io.tmpdir" value="/var/folders/2n/gl53ddhs72gfzdxz7pqngls00000gn/T/"/>
    <property name="java.version" value="21.0.2"/>
    <property name="user.dir" value="/Users/nolanwira/Software_Design_Principles_Patterns/term-project-2235-swen-383-01-c-charlie/src/HealthNCare/App"/>
    <property name="os.arch" value="aarch64"/>
    <property name="java.vm.specification.name" value="Java Virtual Machine Specification"/>
    <property name="native.encoding" value="UTF-8"/>
    <property name="java.library.path" value="/Users/nolanwira/Library/Java/Extensions:/Library/Java/Extensions:/Network/Library/Java/Extensions:/System/Library/Java/Extensions:/usr/lib/java:."/>
    <property name="java.vm.info" value="mixed mode, sharing"/>
    <property name="stderr.encoding" value="UTF-8"/>
    <property name="java.vendor" value="Homebrew"/>
    <property name="java.vm.version" value="21.0.2"/>
    <property name="sun.io.unicode.encoding" value="UnicodeBig"/>
    <property name="socksNonProxyHosts" value="local|*.local|169.254/16|*.169.254/16"/>
    <property name="java.class.version" value="65.0"/>
  </properties>
  <testcase name="testApp" classname="App.AppTest" time="0.003"/>
</testsuite>